This is TeX, Version 3.141592653 (TeX Live 2021/TeX Live for SUSE Linux) (preloaded format=tex 2023.9.5)  7 OCT 2023 12:21
**lastpage.dtx
(./lastpage.dtx (/usr/share/texmf/tex/latex/base/docstrip.tex
\blockLevel=\count26
\emptyLines=\count27
\processedLines=\count28
\commentsRemoved=\count29
\commentsPassed=\count30
\codeLinesPassed=\count31
\TotalprocessedLines=\count32
\TotalcommentsRemoved=\count33
\TotalcommentsPassed=\count34
\TotalcodeLinesPassed=\count35
\NumberOfFiles=\count36
\inFile=\read0
\inputcheck=\read1
\@tempcnta=\count37
\off@0=\count38
\off@1=\count39
\off@2=\count40
\off@3=\count41
\off@4=\count42
\off@5=\count43
\off@6=\count44
\off@7=\count45
\off@8=\count46
\off@9=\count47
\off@10=\count48
\off@11=\count49
\off@12=\count50
\off@13=\count51
\off@14=\count52
\off@15=\count53
\@temptokena=\toks12
\@maxfiles=\count54
\@maxoutfiles=\count55

Utility: `docstrip' v2.6a <2020-07-07>
English documentation    <2020-07-11>

**********************************************************
* This program converts documented macro-files into fast *
* loadable files by stripping off (nearly) all comments! *
**********************************************************

********************************************************
* No Configuration file found, using default settings. *
********************************************************

)
**********************************************************************
* Installation *
* Package: lastpage 2023-10-06 v2.0d Refers to last page's name (HMM)*
**********************************************************************

Generating file(s) lastpage.ins lastpage.drv lastpage.sty lastpage209.sty lastp
age2e.sty lastpageclassic.sty lastpagemodern.sty lastpage-example.tex 

Processing file lastpage.dtx (install) -> lastpage.ins
                             (driver) -> lastpage.drv
                             (package) -> lastpage.sty
                             (lastpage209) -> lastpage209.sty
                             (lastpage2e) -> lastpage2e.sty
                             (lastpageclassic) -> lastpageclassic.sty
                             (lastpagemodern) -> lastpagemodern.sty
                             (example) -> lastpage-example.tex
File lastpage.dtx ended by \endinput.
Lines  processed: 2326
Comments removed: 1612
Comments  passed: 26
Codelines passed: 668

************************************************************************
*
* To finish the installation you have to move the following
* file into a directory searched by TeX:
*
*  lastpage.sty, lastpage209.sty, lastpage2e.sty,
*  lastpageclassic.sty, and lastpagemodern.sty
*
* To produce the documentation run the file `lastpage.drv'
* through (pdf)LaTeX, e.g.
*  pdflatex lastpage.drv
*  makeindex -s gind.ist lastpage.idx
*  pdflatex lastpage.drv
*  makeindex -s gind.ist lastpage.idx
*  pdflatex lastpage.drv
*
* At least three runs are necessary e.g. to get the
*  references right!
*
* Happy TeXing!
*
************************************************************************
 )
No pages of output.
