INFO:  latexindent version 3.9.1, 2021-03-21, a script to indent .tex files
       latexindent lives here: /usr/share/texmf/scripts/latexindent/
       Mon Oct 16 11:07:33 2023
       Filename: /home/felix/Workspaces/Rust/jwinf_2023a2/doc/sections/__latexindent_temp_implementation.tex
INFO:  Processing switches:
       -y|--yaml: YAML settings specified via command line
       -c|--cruft: cruft directory
INFO:  Directory for backup files and /home/felix/Workspaces/Rust/jwinf_2023a2/doc//indent.log: /home/felix/Workspaces/Rust/jwinf_2023a2/doc/
INFO:  YAML settings read: defaultSettings.yaml
        Reading defaultSettings.yaml from /usr/share/texmf/scripts/latexindent/defaultSettings.yaml
INFO:  YAML settings read: indentconfig.yaml or .indentconfig.yaml
       Home directory is /home/felix (didn't find either indentconfig.yaml or .indentconfig.yaml)
       To specify user settings you would put indentconfig.yaml here: /home/felix/indentconfig.yaml
       Alternatively, you can use the hidden file .indentconfig.yaml as: /home/felix/.indentconfig.yaml
INFO:  YAML settings read: -y switch
       YAML setting: defaultIndent:'      '
       Updating masterSettings with defaultIndent:       
INFO:  Phase 1: searching for objects
INFO:  Phase 2: finding surrounding indentation
INFO:  Phase 3: indenting objects
INFO:  Phase 4: final indentation check
INFO:  Output routine:
       Not outputting to file; see -w and -o switches for more options.
       --------------
INFO:  Please direct all communication/issues to:
        https://github.com/cmhughes/latexindent.pl
